[debug] [2019-10-29T19:19:20.378Z] ----------------------------------------------------------------------
[debug] [2019-10-29T19:19:20.379Z] Command:       /usr/local/bin/firebase /Users/badf00d21/.cache/firebase/tools/lib/node_modules/firebase-tools/lib/bin/firebase serve --only functions
[debug] [2019-10-29T19:19:20.379Z] CLI Version:   7.6.2
[debug] [2019-10-29T19:19:20.379Z] Platform:      darwin
[debug] [2019-10-29T19:19:20.379Z] Node Version:  v10.15.3
[debug] [2019-10-29T19:19:20.380Z] Time:          Tue Oct 29 2019 20:19:20 GMT+0100 (Central European Standard Time)
[debug] [2019-10-29T19:19:20.380Z] ----------------------------------------------------------------------
[debug] [2019-10-29T19:19:20.380Z] 
[debug] [2019-10-29T19:19:20.385Z] > command requires scopes: ["email","openid","https://www.googleapis.com/auth/cloudplatformprojects.readonly","https://www.googleapis.com/auth/firebase","https://www.googleapis.com/auth/cloud-platform"]
[debug] [2019-10-29T19:19:20.385Z] > authorizing via signed-in user
[debug] [2019-10-29T19:19:20.385Z] [iam] checking project bisis5-opac2 for permissions ["firebase.projects.get"]
[debug] [2019-10-29T19:19:20.386Z] >>> HTTP REQUEST POST https://cloudresourcemanager.googleapis.com/v1/projects/bisis5-opac2:testIamPermissions  

[debug] [2019-10-29T19:19:21.543Z] <<< HTTP RESPONSE 200
[debug] [2019-10-29T19:19:21.545Z] >>> HTTP REQUEST GET https://firebase.googleapis.com/v1beta1/projects/bisis5-opac2  
 
[debug] [2019-10-29T19:19:21.907Z] <<< HTTP RESPONSE 200
[warn] ⚠  Your requested "node" version "8" doesn't match your global version "10"
[info] ✔  functions: Emulator started at http://localhost:5000
[info] i  functions: Watching "/Users/badf00d21/Documents/git/opac2/functions" for Cloud Functions...
[debug] [2019-10-29T19:19:22.189Z] [worker-~diagnostic~-5540f923-4f55-4152-9fc3-d2618af0531c]: BUSY
[debug] [2019-10-29T19:19:22.441Z] [runtime-status] Functions runtime initialized. {"cwd":"/Users/badf00d21/Documents/git/opac2/functions","node_version":"10.15.3"}
[debug] [2019-10-29T19:19:22.442Z] [runtime-status] Disabled runtime features: {"functions_config_helper":true,"network_filtering":true,"timeout":true,"memory_limiting":true,"admin_stubs":true} {}
[warn] ⚠  The Cloud Functions emulator requires the module "firebase-admin" to be installed. This package is in your package.json, but it's not available. You probably need to run "npm install" in your functions directory.
[info] i  functions: Your functions could not be parsed due to an issue with your node_modules (see above)
[debug] [2019-10-29T19:19:22.462Z] [worker-~diagnostic~-5540f923-4f55-4152-9fc3-d2618af0531c]: exited
[debug] [2019-10-29T19:19:22.462Z] [worker-~diagnostic~-5540f923-4f55-4152-9fc3-d2618af0531c]: FINISHED
